{"C:\\Users\\user\\Desktop\\Google_Raichman\\ofra\\restuarant_genAi_advicer\\frontend\\src\\components\\AudioRecorder.jsx": {"path":"C:\\Users\\user\\Desktop\\Google_Raichman\\ofra\\restuarant_genAi_advicer\\frontend\\src\\components\\AudioRecorder.jsx","statementMap":{"0":{"start":{"line":7,"column":40},"end":{"line":7,"column":55}},"1":{"start":{"line":8,"column":32},"end":{"line":8,"column":47}},"2":{"start":{"line":10,"column":27},"end":{"line":10,"column":39}},"3":{"start":{"line":11,"column":20},"end":{"line":11,"column":30}},"4":{"start":{"line":12,"column":24},"end":{"line":12,"column":37}},"5":{"start":{"line":13,"column":22},"end":{"line":13,"column":34}},"6":{"start":{"line":14,"column":26},"end":{"line":14,"column":38}},"7":{"start":{"line":15,"column":23},"end":{"line":15,"column":35}},"8":{"start":{"line":17,"column":15},"end":{"line":17,"column":17}},"9":{"start":{"line":18,"column":30},"end":{"line":18,"column":59}},"10":{"start":{"line":20,"column":25},"end":{"line":82,"column":3}},"11":{"start":{"line":21,"column":4},"end":{"line":81,"column":5}},"12":{"start":{"line":23,"column":21},"end":{"line":23,"column":79}},"13":{"start":{"line":25,"column":28},"end":{"line":25,"column":53}},"14":{"start":{"line":26,"column":6},"end":{"line":26,"column":47}},"15":{"start":{"line":27,"column":6},"end":{"line":27,"column":29}},"16":{"start":{"line":29,"column":6},"end":{"line":31,"column":8}},"17":{"start":{"line":30,"column":8},"end":{"line":30,"column":39}},"18":{"start":{"line":33,"column":6},"end":{"line":62,"column":8}},"19":{"start":{"line":34,"column":8},"end":{"line":37,"column":9}},"20":{"start":{"line":35,"column":10},"end":{"line":35,"column":33}},"21":{"start":{"line":36,"column":10},"end":{"line":36,"column":17}},"22":{"start":{"line":39,"column":8},"end":{"line":39,"column":51}},"23":{"start":{"line":39,"column":44},"end":{"line":39,"column":51}},"24":{"start":{"line":40,"column":8},"end":{"line":40,"column":38}},"25":{"start":{"line":41,"column":8},"end":{"line":41,"column":36}},"26":{"start":{"line":42,"column":8},"end":{"line":42,"column":25}},"27":{"start":{"line":44,"column":10},"end":{"line":44,"column":59}},"28":{"start":{"line":45,"column":10},"end":{"line":45,"column":45}},"29":{"start":{"line":46,"column":23},"end":{"line":46,"column":63}},"30":{"start":{"line":47,"column":8},"end":{"line":47,"column":35}},"31":{"start":{"line":48,"column":8},"end":{"line":60,"column":9}},"32":{"start":{"line":49,"column":34},"end":{"line":49,"column":63}},"33":{"start":{"line":50,"column":10},"end":{"line":50,"column":59}},"34":{"start":{"line":51,"column":10},"end":{"line":56,"column":11}},"35":{"start":{"line":52,"column":12},"end":{"line":52,"column":72}},"36":{"start":{"line":55,"column":12},"end":{"line":55,"column":73}},"37":{"start":{"line":58,"column":10},"end":{"line":58,"column":63}},"38":{"start":{"line":59,"column":10},"end":{"line":59,"column":29}},"39":{"start":{"line":61,"column":8},"end":{"line":61,"column":26}},"40":{"start":{"line":63,"column":6},"end":{"line":63,"column":35}},"41":{"start":{"line":64,"column":6},"end":{"line":64,"column":28}},"42":{"start":{"line":65,"column":6},"end":{"line":65,"column":27}},"43":{"start":{"line":67,"column":27},"end":{"line":67,"column":45}},"44":{"start":{"line":68,"column":23},"end":{"line":68,"column":52}},"45":{"start":{"line":69,"column":6},"end":{"line":69,"column":29}},"46":{"start":{"line":70,"column":6},"end":{"line":70,"column":43}},"47":{"start":{"line":72,"column":21},"end":{"line":72,"column":65}},"48":{"start":{"line":73,"column":6},"end":{"line":73,"column":31}},"49":{"start":{"line":75,"column":6},"end":{"line":75,"column":37}},"50":{"start":{"line":76,"column":6},"end":{"line":76,"column":45}},"51":{"start":{"line":78,"column":6},"end":{"line":78,"column":16}},"52":{"start":{"line":80,"column":6},"end":{"line":80,"column":52}},"53":{"start":{"line":84,"column":24},"end":{"line":91,"column":3}},"54":{"start":{"line":85,"column":4},"end":{"line":85,"column":36}},"55":{"start":{"line":86,"column":4},"end":{"line":86,"column":26}},"56":{"start":{"line":88,"column":4},"end":{"line":88,"column":47}},"57":{"start":{"line":89,"column":4},"end":{"line":89,"column":31}},"58":{"start":{"line":90,"column":4},"end":{"line":90,"column":37}},"59":{"start":{"line":92,"column":26},"end":{"line":101,"column":3}},"60":{"start":{"line":93,"column":4},"end":{"line":93,"column":34}},"61":{"start":{"line":95,"column":4},"end":{"line":95,"column":36}},"62":{"start":{"line":96,"column":4},"end":{"line":96,"column":26}},"63":{"start":{"line":98,"column":4},"end":{"line":98,"column":47}},"64":{"start":{"line":99,"column":4},"end":{"line":99,"column":31}},"65":{"start":{"line":100,"column":4},"end":{"line":100,"column":37}},"66":{"start":{"line":103,"column":18},"end":{"line":121,"column":3}},"67":{"start":{"line":104,"column":4},"end":{"line":104,"column":37}},"68":{"start":{"line":104,"column":30},"end":{"line":104,"column":37}},"69":{"start":{"line":106,"column":19},"end":{"line":106,"column":72}},"70":{"start":{"line":107,"column":4},"end":{"line":107,"column":53}},"71":{"start":{"line":109,"column":22},"end":{"line":109,"column":54}},"72":{"start":{"line":111,"column":22},"end":{"line":117,"column":6}},"73":{"start":{"line":112,"column":20},"end":{"line":112,"column":68}},"74":{"start":{"line":113,"column":18},"end":{"line":113,"column":65}},"75":{"start":{"line":113,"column":41},"end":{"line":113,"column":46}},"76":{"start":{"line":116,"column":6},"end":{"line":116,"column":41}},"77":{"start":{"line":119,"column":4},"end":{"line":119,"column":25}},"78":{"start":{"line":120,"column":4},"end":{"line":120,"column":58}},"79":{"start":{"line":123,"column":2},"end":{"line":163,"column":4}},"80":{"start":{"line":140,"column":14},"end":{"line":144,"column":16}}},"fnMap":{"0":{"name":"AudioRecorder","decl":{"start":{"line":6,"column":24},"end":{"line":6,"column":37}},"loc":{"start":{"line":6,"column":93},"end":{"line":164,"column":1}},"line":6},"1":{"name":"(anonymous_1)","decl":{"start":{"line":20,"column":25},"end":{"line":20,"column":26}},"loc":{"start":{"line":20,"column":37},"end":{"line":82,"column":3}},"line":20},"2":{"name":"(anonymous_2)","decl":{"start":{"line":29,"column":38},"end":{"line":29,"column":39}},"loc":{"start":{"line":29,"column":45},"end":{"line":31,"column":7}},"line":29},"3":{"name":"(anonymous_3)","decl":{"start":{"line":33,"column":29},"end":{"line":33,"column":30}},"loc":{"start":{"line":33,"column":41},"end":{"line":62,"column":7}},"line":33},"4":{"name":"(anonymous_4)","decl":{"start":{"line":84,"column":24},"end":{"line":84,"column":25}},"loc":{"start":{"line":84,"column":30},"end":{"line":91,"column":3}},"line":84},"5":{"name":"(anonymous_5)","decl":{"start":{"line":92,"column":26},"end":{"line":92,"column":27}},"loc":{"start":{"line":92,"column":32},"end":{"line":101,"column":3}},"line":92},"6":{"name":"(anonymous_6)","decl":{"start":{"line":103,"column":18},"end":{"line":103,"column":19}},"loc":{"start":{"line":103,"column":24},"end":{"line":121,"column":3}},"line":103},"7":{"name":"(anonymous_7)","decl":{"start":{"line":111,"column":51},"end":{"line":111,"column":52}},"loc":{"start":{"line":111,"column":61},"end":{"line":117,"column":5}},"line":111},"8":{"name":"(anonymous_8)","decl":{"start":{"line":113,"column":31},"end":{"line":113,"column":32}},"loc":{"start":{"line":113,"column":41},"end":{"line":113,"column":46}},"line":113},"9":{"name":"(anonymous_9)","decl":{"start":{"line":139,"column":24},"end":{"line":139,"column":25}},"loc":{"start":{"line":140,"column":14},"end":{"line":144,"column":16}},"line":140}},"branchMap":{"0":{"loc":{"start":{"line":34,"column":8},"end":{"line":37,"column":9}},"type":"if","locations":[{"start":{"line":34,"column":8},"end":{"line":37,"column":9}},{"start":{},"end":{}}],"line":34},"1":{"loc":{"start":{"line":39,"column":8},"end":{"line":39,"column":51}},"type":"if","locations":[{"start":{"line":39,"column":8},"end":{"line":39,"column":51}},{"start":{},"end":{}}],"line":39},"2":{"loc":{"start":{"line":44,"column":10},"end":{"line":44,"column":59}},"type":"binary-expr","locations":[{"start":{"line":44,"column":10},"end":{"line":44,"column":38}},{"start":{"line":44,"column":42},"end":{"line":44,"column":59}}],"line":44},"3":{"loc":{"start":{"line":51,"column":10},"end":{"line":56,"column":11}},"type":"if","locations":[{"start":{"line":51,"column":10},"end":{"line":56,"column":11}},{"start":{"line":54,"column":15},"end":{"line":56,"column":11}}],"line":51},"4":{"loc":{"start":{"line":58,"column":16},"end":{"line":58,"column":61}},"type":"binary-expr","locations":[{"start":{"line":58,"column":16},"end":{"line":58,"column":25}},{"start":{"line":58,"column":29},"end":{"line":58,"column":61}}],"line":58},"5":{"loc":{"start":{"line":104,"column":4},"end":{"line":104,"column":37}},"type":"if","locations":[{"start":{"line":104,"column":4},"end":{"line":104,"column":37}},{"start":{},"end":{}}],"line":104},"6":{"loc":{"start":{"line":127,"column":17},"end":{"line":127,"column":58}},"type":"cond-expr","locations":[{"start":{"line":127,"column":32},"end":{"line":127,"column":46}},{"start":{"line":127,"column":49},"end":{"line":127,"column":58}}],"line":127},"7":{"loc":{"start":{"line":128,"column":18},"end":{"line":128,"column":40}},"type":"binary-expr","locations":[{"start":{"line":128,"column":18},"end":{"line":128,"column":25}},{"start":{"line":128,"column":29},"end":{"line":128,"column":40}}],"line":128},"8":{"loc":{"start":{"line":135,"column":7},"end":{"line":154,"column":7}},"type":"binary-expr","locations":[{"start":{"line":135,"column":7},"end":{"line":135,"column":18}},{"start":{"line":136,"column":8},"end":{"line":153,"column":14}}],"line":135},"9":{"loc":{"start":{"line":156,"column":7},"end":{"line":161,"column":7}},"type":"binary-expr","locations":[{"start":{"line":156,"column":7},"end":{"line":156,"column":14}},{"start":{"line":157,"column":8},"end":{"line":160,"column":14}}],"line":156}},"s":{"0":7,"1":7,"2":7,"3":7,"4":7,"5":7,"6":7,"7":7,"8":7,"9":7,"10":7,"11":2,"12":2,"13":2,"14":2,"15":2,"16":2,"17":1,"18":2,"19":1,"20":0,"21":0,"22":1,"23":0,"24":1,"25":1,"26":1,"27":1,"28":1,"29":1,"30":1,"31":1,"32":1,"33":1,"34":1,"35":1,"36":0,"37":0,"38":0,"39":1,"40":2,"41":2,"42":2,"43":2,"44":2,"45":2,"46":2,"47":2,"48":2,"49":2,"50":2,"51":2,"52":0,"53":7,"54":1,"55":1,"56":1,"57":1,"58":1,"59":7,"60":1,"61":1,"62":1,"63":1,"64":1,"65":1,"66":7,"67":2,"68":0,"69":2,"70":2,"71":2,"72":2,"73":28,"74":28,"75":1008,"76":28,"77":2,"78":2,"79":7,"80":28},"f":{"0":7,"1":2,"2":1,"3":1,"4":1,"5":1,"6":2,"7":28,"8":1008,"9":28},"b":{"0":[0,1],"1":[0,1],"2":[1,1],"3":[1,0],"4":[0,0],"5":[0,2],"6":[5,2],"7":[7,6],"8":[7,2],"9":[7,1]},"_coverageSchema":"1a1c01bbd47fc00a2c39e90264f33305004495a9","hash":"e2757593b0d340a8a08c924f90e9c927a6ba9a06"}
,"C:\\Users\\user\\Desktop\\Google_Raichman\\ofra\\restuarant_genAi_advicer\\frontend\\src\\components\\DishCard.jsx": {"path":"C:\\Users\\user\\Desktop\\Google_Raichman\\ofra\\restuarant_genAi_advicer\\frontend\\src\\components\\DishCard.jsx","statementMap":{"0":{"start":{"line":5,"column":25},"end":{"line":5,"column":107}},"1":{"start":{"line":7,"column":2},"end":{"line":66,"column":4}}},"fnMap":{"0":{"name":"DishCard","decl":{"start":{"line":4,"column":24},"end":{"line":4,"column":32}},"loc":{"start":{"line":4,"column":43},"end":{"line":67,"column":1}},"line":4}},"branchMap":{"0":{"loc":{"start":{"line":5,"column":25},"end":{"line":5,"column":107}},"type":"cond-expr","locations":[{"start":{"line":5,"column":40},"end":{"line":5,"column":103}},{"start":{"line":5,"column":106},"end":{"line":5,"column":107}}],"line":5},"1":{"loc":{"start":{"line":16,"column":9},"end":{"line":24,"column":9}},"type":"binary-expr","locations":[{"start":{"line":16,"column":10},"end":{"line":16,"column":23}},{"start":{"line":16,"column":27},"end":{"line":16,"column":45}},{"start":{"line":17,"column":10},"end":{"line":23,"column":16}}],"line":16},"2":{"loc":{"start":{"line":17,"column":40},"end":{"line":17,"column":78}},"type":"cond-expr","locations":[{"start":{"line":17,"column":56},"end":{"line":17,"column":63}},{"start":{"line":17,"column":66},"end":{"line":17,"column":78}}],"line":17},"3":{"loc":{"start":{"line":18,"column":13},"end":{"line":22,"column":13}},"type":"cond-expr","locations":[{"start":{"line":19,"column":14},"end":{"line":19,"column":63}},{"start":{"line":21,"column":14},"end":{"line":21,"column":63}}],"line":18},"4":{"loc":{"start":{"line":26,"column":9},"end":{"line":30,"column":9}},"type":"binary-expr","locations":[{"start":{"line":26,"column":9},"end":{"line":26,"column":21}},{"start":{"line":26,"column":25},"end":{"line":26,"column":40}},{"start":{"line":27,"column":10},"end":{"line":29,"column":16}}],"line":26},"5":{"loc":{"start":{"line":37,"column":45},"end":{"line":37,"column":80}},"type":"cond-expr","locations":[{"start":{"line":37,"column":60},"end":{"line":37,"column":75}},{"start":{"line":37,"column":78},"end":{"line":37,"column":80}}],"line":37},"6":{"loc":{"start":{"line":40,"column":11},"end":{"line":44,"column":18}},"type":"cond-expr","locations":[{"start":{"line":41,"column":12},"end":{"line":43,"column":20}},{"start":{"line":44,"column":14},"end":{"line":44,"column":18}}],"line":40},"7":{"loc":{"start":{"line":41,"column":12},"end":{"line":43,"column":20}},"type":"cond-expr","locations":[{"start":{"line":42,"column":14},"end":{"line":42,"column":68}},{"start":{"line":43,"column":16},"end":{"line":43,"column":20}}],"line":41},"8":{"loc":{"start":{"line":51,"column":9},"end":{"line":55,"column":9}},"type":"binary-expr","locations":[{"start":{"line":51,"column":9},"end":{"line":51,"column":25}},{"start":{"line":52,"column":10},"end":{"line":54,"column":14}}],"line":51}},"s":{"0":0,"1":0},"f":{"0":0},"b":{"0":[0,0],"1":[0,0,0],"2":[0,0],"3":[0,0],"4":[0,0,0],"5":[0,0],"6":[0,0],"7":[0,0],"8":[0,0]}}
,"C:\\Users\\user\\Desktop\\Google_Raichman\\ofra\\restuarant_genAi_advicer\\frontend\\src\\pages\\Home.jsx": {"path":"C:\\Users\\user\\Desktop\\Google_Raichman\\ofra\\restuarant_genAi_advicer\\frontend\\src\\pages\\Home.jsx","statementMap":{"0":{"start":{"line":9,"column":30},"end":{"line":9,"column":42}},"1":{"start":{"line":10,"column":52},"end":{"line":10,"column":64}},"2":{"start":{"line":12,"column":2},"end":{"line":51,"column":4}},"3":{"start":{"line":17,"column":12},"end":{"line":21,"column":19}},"4":{"start":{"line":48,"column":38},"end":{"line":48,"column":74}}},"fnMap":{"0":{"name":"Home","decl":{"start":{"line":8,"column":24},"end":{"line":8,"column":28}},"loc":{"start":{"line":8,"column":31},"end":{"line":52,"column":1}},"line":8},"1":{"name":"(anonymous_1)","decl":{"start":{"line":16,"column":43},"end":{"line":16,"column":44}},"loc":{"start":{"line":17,"column":12},"end":{"line":21,"column":19}},"line":17},"2":{"name":"(anonymous_2)","decl":{"start":{"line":48,"column":21},"end":{"line":48,"column":22}},"loc":{"start":{"line":48,"column":38},"end":{"line":48,"column":74}},"line":48}},"branchMap":{"0":{"loc":{"start":{"line":38,"column":9},"end":{"line":44,"column":9}},"type":"binary-expr","locations":[{"start":{"line":38,"column":9},"end":{"line":38,"column":35}},{"start":{"line":38,"column":39},"end":{"line":38,"column":69}},{"start":{"line":39,"column":10},"end":{"line":43,"column":16}}],"line":38},"1":{"loc":{"start":{"line":47,"column":9},"end":{"line":48,"column":75}},"type":"binary-expr","locations":[{"start":{"line":47,"column":9},"end":{"line":47,"column":30}},{"start":{"line":48,"column":10},"end":{"line":48,"column":75}}],"line":47}},"s":{"0":0,"1":0,"2":0,"3":0,"4":0},"f":{"0":0,"1":0,"2":0},"b":{"0":[0,0,0],"1":[0,0]}}
,"C:\\Users\\user\\Desktop\\Google_Raichman\\ofra\\restuarant_genAi_advicer\\frontend\\src\\services\\api.js": {"path":"C:\\Users\\user\\Desktop\\Google_Raichman\\ofra\\restuarant_genAi_advicer\\frontend\\src\\services\\api.js","statementMap":{"0":{"start":{"line":1,"column":33},"end":{"line":12,"column":3}},"1":{"start":{"line":2,"column":21},"end":{"line":2,"column":35}},"2":{"start":{"line":3,"column":4},"end":{"line":3,"column":40}},"3":{"start":{"line":5,"column":16},"end":{"line":8,"column":6}},"4":{"start":{"line":10,"column":17},"end":{"line":10,"column":33}},"5":{"start":{"line":11,"column":4},"end":{"line":11,"column":25}}},"fnMap":{"0":{"name":"(anonymous_0)","decl":{"start":{"line":1,"column":33},"end":{"line":1,"column":34}},"loc":{"start":{"line":1,"column":54},"end":{"line":12,"column":3}},"line":1}},"branchMap":{},"s":{"0":1,"1":1,"2":1,"3":1,"4":1,"5":1},"f":{"0":1},"b":{},"_coverageSchema":"1a1c01bbd47fc00a2c39e90264f33305004495a9","hash":"045253997945cfa512cd11b968b3bf5753da34f6"}
,"C:\\Users\\user\\Desktop\\Google_Raichman\\ofra\\restuarant_genAi_advicer\\frontend\\src\\services\\dishesImagesUrls.js": {"path":"C:\\Users\\user\\Desktop\\Google_Raichman\\ofra\\restuarant_genAi_advicer\\frontend\\src\\services\\dishesImagesUrls.js","statementMap":{"0":{"start":{"line":1,"column":18},"end":{"line":16,"column":3}}},"fnMap":{},"branchMap":{},"s":{"0":0},"f":{},"b":{}}
}
