{"C:\\Users\\user\\Desktop\\בוטקמפ גוגל רייכמן\\restuarant_genAi_advicer\\frontend\\src\\components\\AudioRecorder.jsx": {"path":"C:\\Users\\user\\Desktop\\בוטקמפ גוגל רייכמן\\restuarant_genAi_advicer\\frontend\\src\\components\\AudioRecorder.jsx","statementMap":{"0":{"start":{"line":7,"column":40},"end":{"line":7,"column":55}},"1":{"start":{"line":8,"column":32},"end":{"line":8,"column":47}},"2":{"start":{"line":10,"column":27},"end":{"line":10,"column":39}},"3":{"start":{"line":11,"column":20},"end":{"line":11,"column":30}},"4":{"start":{"line":12,"column":24},"end":{"line":12,"column":37}},"5":{"start":{"line":13,"column":22},"end":{"line":13,"column":34}},"6":{"start":{"line":14,"column":26},"end":{"line":14,"column":38}},"7":{"start":{"line":15,"column":23},"end":{"line":15,"column":35}},"8":{"start":{"line":17,"column":15},"end":{"line":17,"column":17}},"9":{"start":{"line":18,"column":30},"end":{"line":18,"column":59}},"10":{"start":{"line":20,"column":25},"end":{"line":75,"column":3}},"11":{"start":{"line":21,"column":4},"end":{"line":74,"column":5}},"12":{"start":{"line":22,"column":21},"end":{"line":22,"column":79}},"13":{"start":{"line":24,"column":28},"end":{"line":24,"column":53}},"14":{"start":{"line":25,"column":6},"end":{"line":25,"column":47}},"15":{"start":{"line":26,"column":6},"end":{"line":26,"column":29}},"16":{"start":{"line":28,"column":6},"end":{"line":30,"column":8}},"17":{"start":{"line":29,"column":8},"end":{"line":29,"column":39}},"18":{"start":{"line":32,"column":6},"end":{"line":55,"column":8}},"19":{"start":{"line":33,"column":8},"end":{"line":36,"column":9}},"20":{"start":{"line":34,"column":10},"end":{"line":34,"column":33}},"21":{"start":{"line":35,"column":10},"end":{"line":35,"column":17}},"22":{"start":{"line":38,"column":8},"end":{"line":38,"column":51}},"23":{"start":{"line":38,"column":44},"end":{"line":38,"column":51}},"24":{"start":{"line":40,"column":8},"end":{"line":40,"column":25}},"25":{"start":{"line":41,"column":21},"end":{"line":41,"column":72}},"26":{"start":{"line":42,"column":8},"end":{"line":42,"column":35}},"27":{"start":{"line":43,"column":8},"end":{"line":53,"column":9}},"28":{"start":{"line":44,"column":34},"end":{"line":44,"column":63}},"29":{"start":{"line":45,"column":10},"end":{"line":49,"column":11}},"30":{"start":{"line":46,"column":12},"end":{"line":46,"column":38}},"31":{"start":{"line":48,"column":12},"end":{"line":48,"column":25}},"32":{"start":{"line":51,"column":10},"end":{"line":51,"column":63}},"33":{"start":{"line":52,"column":10},"end":{"line":52,"column":29}},"34":{"start":{"line":54,"column":8},"end":{"line":54,"column":26}},"35":{"start":{"line":56,"column":6},"end":{"line":56,"column":35}},"36":{"start":{"line":57,"column":6},"end":{"line":57,"column":28}},"37":{"start":{"line":58,"column":6},"end":{"line":58,"column":27}},"38":{"start":{"line":60,"column":27},"end":{"line":60,"column":45}},"39":{"start":{"line":61,"column":23},"end":{"line":61,"column":52}},"40":{"start":{"line":62,"column":6},"end":{"line":62,"column":29}},"41":{"start":{"line":63,"column":6},"end":{"line":63,"column":43}},"42":{"start":{"line":65,"column":21},"end":{"line":65,"column":65}},"43":{"start":{"line":66,"column":6},"end":{"line":66,"column":31}},"44":{"start":{"line":68,"column":6},"end":{"line":68,"column":37}},"45":{"start":{"line":69,"column":6},"end":{"line":69,"column":45}},"46":{"start":{"line":71,"column":6},"end":{"line":71,"column":16}},"47":{"start":{"line":73,"column":6},"end":{"line":73,"column":54}},"48":{"start":{"line":77,"column":24},"end":{"line":84,"column":3}},"49":{"start":{"line":78,"column":4},"end":{"line":78,"column":36}},"50":{"start":{"line":79,"column":4},"end":{"line":79,"column":26}},"51":{"start":{"line":81,"column":4},"end":{"line":81,"column":47}},"52":{"start":{"line":82,"column":4},"end":{"line":82,"column":31}},"53":{"start":{"line":83,"column":4},"end":{"line":83,"column":37}},"54":{"start":{"line":85,"column":26},"end":{"line":94,"column":3}},"55":{"start":{"line":86,"column":4},"end":{"line":86,"column":34}},"56":{"start":{"line":88,"column":4},"end":{"line":88,"column":36}},"57":{"start":{"line":89,"column":4},"end":{"line":89,"column":26}},"58":{"start":{"line":91,"column":4},"end":{"line":91,"column":47}},"59":{"start":{"line":92,"column":4},"end":{"line":92,"column":31}},"60":{"start":{"line":93,"column":4},"end":{"line":93,"column":37}},"61":{"start":{"line":96,"column":18},"end":{"line":114,"column":3}},"62":{"start":{"line":97,"column":4},"end":{"line":97,"column":37}},"63":{"start":{"line":97,"column":30},"end":{"line":97,"column":37}},"64":{"start":{"line":99,"column":19},"end":{"line":99,"column":72}},"65":{"start":{"line":100,"column":4},"end":{"line":100,"column":53}},"66":{"start":{"line":102,"column":22},"end":{"line":102,"column":54}},"67":{"start":{"line":104,"column":22},"end":{"line":110,"column":6}},"68":{"start":{"line":105,"column":20},"end":{"line":105,"column":68}},"69":{"start":{"line":106,"column":18},"end":{"line":106,"column":65}},"70":{"start":{"line":106,"column":41},"end":{"line":106,"column":46}},"71":{"start":{"line":109,"column":6},"end":{"line":109,"column":41}},"72":{"start":{"line":112,"column":4},"end":{"line":112,"column":25}},"73":{"start":{"line":113,"column":4},"end":{"line":113,"column":58}},"74":{"start":{"line":116,"column":2},"end":{"line":156,"column":2}},"75":{"start":{"line":133,"column":12},"end":{"line":137,"column":14}}},"fnMap":{"0":{"name":"AudioRecorder","decl":{"start":{"line":6,"column":24},"end":{"line":6,"column":37}},"loc":{"start":{"line":6,"column":52},"end":{"line":157,"column":1}},"line":6},"1":{"name":"(anonymous_1)","decl":{"start":{"line":20,"column":25},"end":{"line":20,"column":26}},"loc":{"start":{"line":20,"column":37},"end":{"line":75,"column":3}},"line":20},"2":{"name":"(anonymous_2)","decl":{"start":{"line":28,"column":38},"end":{"line":28,"column":39}},"loc":{"start":{"line":28,"column":45},"end":{"line":30,"column":7}},"line":28},"3":{"name":"(anonymous_3)","decl":{"start":{"line":32,"column":29},"end":{"line":32,"column":30}},"loc":{"start":{"line":32,"column":41},"end":{"line":55,"column":7}},"line":32},"4":{"name":"(anonymous_4)","decl":{"start":{"line":77,"column":24},"end":{"line":77,"column":25}},"loc":{"start":{"line":77,"column":30},"end":{"line":84,"column":3}},"line":77},"5":{"name":"(anonymous_5)","decl":{"start":{"line":85,"column":26},"end":{"line":85,"column":27}},"loc":{"start":{"line":85,"column":32},"end":{"line":94,"column":3}},"line":85},"6":{"name":"(anonymous_6)","decl":{"start":{"line":96,"column":18},"end":{"line":96,"column":19}},"loc":{"start":{"line":96,"column":24},"end":{"line":114,"column":3}},"line":96},"7":{"name":"(anonymous_7)","decl":{"start":{"line":104,"column":51},"end":{"line":104,"column":52}},"loc":{"start":{"line":104,"column":61},"end":{"line":110,"column":5}},"line":104},"8":{"name":"(anonymous_8)","decl":{"start":{"line":106,"column":31},"end":{"line":106,"column":32}},"loc":{"start":{"line":106,"column":41},"end":{"line":106,"column":46}},"line":106},"9":{"name":"(anonymous_9)","decl":{"start":{"line":132,"column":22},"end":{"line":132,"column":23}},"loc":{"start":{"line":133,"column":12},"end":{"line":137,"column":14}},"line":133}},"branchMap":{"0":{"loc":{"start":{"line":33,"column":8},"end":{"line":36,"column":9}},"type":"if","locations":[{"start":{"line":33,"column":8},"end":{"line":36,"column":9}},{"start":{},"end":{}}],"line":33},"1":{"loc":{"start":{"line":38,"column":8},"end":{"line":38,"column":51}},"type":"if","locations":[{"start":{"line":38,"column":8},"end":{"line":38,"column":51}},{"start":{},"end":{}}],"line":38},"2":{"loc":{"start":{"line":45,"column":10},"end":{"line":49,"column":11}},"type":"if","locations":[{"start":{"line":45,"column":10},"end":{"line":49,"column":11}},{"start":{"line":47,"column":17},"end":{"line":49,"column":11}}],"line":45},"3":{"loc":{"start":{"line":51,"column":16},"end":{"line":51,"column":61}},"type":"binary-expr","locations":[{"start":{"line":51,"column":16},"end":{"line":51,"column":25}},{"start":{"line":51,"column":29},"end":{"line":51,"column":61}}],"line":51},"4":{"loc":{"start":{"line":97,"column":4},"end":{"line":97,"column":37}},"type":"if","locations":[{"start":{"line":97,"column":4},"end":{"line":97,"column":37}},{"start":{},"end":{}}],"line":97},"5":{"loc":{"start":{"line":120,"column":15},"end":{"line":120,"column":56}},"type":"cond-expr","locations":[{"start":{"line":120,"column":30},"end":{"line":120,"column":44}},{"start":{"line":120,"column":47},"end":{"line":120,"column":56}}],"line":120},"6":{"loc":{"start":{"line":121,"column":16},"end":{"line":121,"column":38}},"type":"binary-expr","locations":[{"start":{"line":121,"column":16},"end":{"line":121,"column":23}},{"start":{"line":121,"column":27},"end":{"line":121,"column":38}}],"line":121},"7":{"loc":{"start":{"line":128,"column":5},"end":{"line":147,"column":5}},"type":"binary-expr","locations":[{"start":{"line":128,"column":5},"end":{"line":128,"column":16}},{"start":{"line":129,"column":6},"end":{"line":146,"column":12}}],"line":128},"8":{"loc":{"start":{"line":149,"column":5},"end":{"line":154,"column":5}},"type":"binary-expr","locations":[{"start":{"line":149,"column":5},"end":{"line":149,"column":12}},{"start":{"line":150,"column":6},"end":{"line":153,"column":12}}],"line":149}},"s":{"0":6,"1":6,"2":6,"3":6,"4":6,"5":6,"6":6,"7":6,"8":6,"9":6,"10":6,"11":2,"12":2,"13":2,"14":2,"15":2,"16":2,"17":1,"18":2,"19":1,"20":0,"21":0,"22":1,"23":0,"24":1,"25":1,"26":1,"27":1,"28":1,"29":1,"30":1,"31":0,"32":0,"33":0,"34":1,"35":2,"36":2,"37":2,"38":2,"39":0,"40":0,"41":0,"42":0,"43":0,"44":0,"45":0,"46":0,"47":2,"48":6,"49":1,"50":1,"51":1,"52":1,"53":1,"54":6,"55":1,"56":1,"57":1,"58":1,"59":1,"60":1,"61":6,"62":0,"63":0,"64":0,"65":0,"66":0,"67":0,"68":0,"69":0,"70":0,"71":0,"72":0,"73":0,"74":6,"75":28},"f":{"0":6,"1":2,"2":1,"3":1,"4":1,"5":1,"6":0,"7":0,"8":0,"9":28},"b":{"0":[0,1],"1":[0,1],"2":[1,0],"3":[0,0],"4":[0,0],"5":[4,2],"6":[6,6],"7":[6,2],"8":[6,0]},"_coverageSchema":"1a1c01bbd47fc00a2c39e90264f33305004495a9","hash":"3534fb79c959242a55a6bb92ea26bf048546800c"}
,"C:\\Users\\user\\Desktop\\בוטקמפ גוגל רייכמן\\restuarant_genAi_advicer\\frontend\\src\\services\\api.js": {"path":"C:\\Users\\user\\Desktop\\בוטקמפ גוגל רייכמן\\restuarant_genAi_advicer\\frontend\\src\\services\\api.js","statementMap":{"0":{"start":{"line":1,"column":33},"end":{"line":12,"column":3}},"1":{"start":{"line":2,"column":21},"end":{"line":2,"column":35}},"2":{"start":{"line":3,"column":4},"end":{"line":3,"column":40}},"3":{"start":{"line":5,"column":16},"end":{"line":8,"column":6}},"4":{"start":{"line":10,"column":17},"end":{"line":10,"column":33}},"5":{"start":{"line":11,"column":4},"end":{"line":11,"column":35}}},"fnMap":{"0":{"name":"(anonymous_0)","decl":{"start":{"line":1,"column":33},"end":{"line":1,"column":34}},"loc":{"start":{"line":1,"column":54},"end":{"line":12,"column":3}},"line":1}},"branchMap":{},"s":{"0":0,"1":0,"2":0,"3":0,"4":0,"5":0},"f":{"0":0},"b":{}}
}
