TN:
SF:src\components\AudioRecorder.jsx
FN:6,AudioRecorder
FN:20,(anonymous_1)
FN:28,(anonymous_2)
FN:32,(anonymous_3)
FN:77,(anonymous_4)
FN:85,(anonymous_5)
FN:96,(anonymous_6)
FN:104,(anonymous_7)
FN:106,(anonymous_8)
FN:132,(anonymous_9)
FNF:10
FNH:7
FNDA:6,AudioRecorder
FNDA:2,(anonymous_1)
FNDA:1,(anonymous_2)
FNDA:1,(anonymous_3)
FNDA:1,(anonymous_4)
FNDA:1,(anonymous_5)
FNDA:0,(anonymous_6)
FNDA:0,(anonymous_7)
FNDA:0,(anonymous_8)
FNDA:28,(anonymous_9)
DA:7,6
DA:8,6
DA:10,6
DA:11,6
DA:12,6
DA:13,6
DA:14,6
DA:15,6
DA:17,6
DA:18,6
DA:20,6
DA:21,2
DA:22,2
DA:24,2
DA:25,2
DA:26,2
DA:28,2
DA:29,1
DA:32,2
DA:33,1
DA:34,0
DA:35,0
DA:38,1
DA:40,1
DA:41,1
DA:42,1
DA:43,1
DA:44,1
DA:45,1
DA:46,1
DA:48,0
DA:51,0
DA:52,0
DA:54,1
DA:56,2
DA:57,2
DA:58,2
DA:60,2
DA:61,0
DA:62,0
DA:63,0
DA:65,0
DA:66,0
DA:68,0
DA:69,0
DA:71,0
DA:73,2
DA:77,6
DA:78,1
DA:79,1
DA:81,1
DA:82,1
DA:83,1
DA:85,6
DA:86,1
DA:88,1
DA:89,1
DA:91,1
DA:92,1
DA:93,1
DA:96,6
DA:97,0
DA:99,0
DA:100,0
DA:102,0
DA:104,0
DA:105,0
DA:106,0
DA:109,0
DA:112,0
DA:113,0
DA:116,6
DA:133,28
LF:73
LH:50
BRDA:33,0,0,0
BRDA:33,0,1,1
BRDA:38,1,0,0
BRDA:38,1,1,1
BRDA:45,2,0,1
BRDA:45,2,1,0
BRDA:51,3,0,0
BRDA:51,3,1,0
BRDA:97,4,0,0
BRDA:97,4,1,0
BRDA:120,5,0,4
BRDA:120,5,1,2
BRDA:121,6,0,6
BRDA:121,6,1,6
BRDA:128,7,0,6
BRDA:128,7,1,2
BRDA:149,8,0,6
BRDA:149,8,1,0
BRF:18
BRH:10
end_of_record
TN:
SF:src\services\api.js
FN:1,(anonymous_0)
FNF:1
FNH:0
FNDA:0,(anonymous_0)
DA:1,0
DA:2,0
DA:3,0
DA:5,0
DA:10,0
DA:11,0
LF:6
LH:0
BRF:0
BRH:0
end_of_record
