TN:
SF:src\components\AudioRecorder.jsx
FN:6,AudioRecorder
FN:20,(anonymous_1)
FN:29,(anonymous_2)
FN:33,(anonymous_3)
FN:84,(anonymous_4)
FN:92,(anonymous_5)
FN:103,(anonymous_6)
FN:111,(anonymous_7)
FN:113,(anonymous_8)
FN:139,(anonymous_9)
FNF:10
FNH:10
FNDA:7,AudioRecorder
FNDA:2,(anonymous_1)
FNDA:1,(anonymous_2)
FNDA:1,(anonymous_3)
FNDA:1,(anonymous_4)
FNDA:1,(anonymous_5)
FNDA:2,(anonymous_6)
FNDA:28,(anonymous_7)
FNDA:1008,(anonymous_8)
FNDA:28,(anonymous_9)
DA:7,7
DA:8,7
DA:10,7
DA:11,7
DA:12,7
DA:13,7
DA:14,7
DA:15,7
DA:17,7
DA:18,7
DA:20,7
DA:21,2
DA:23,2
DA:25,2
DA:26,2
DA:27,2
DA:29,2
DA:30,1
DA:33,2
DA:34,1
DA:35,0
DA:36,0
DA:39,1
DA:40,1
DA:41,1
DA:42,1
DA:44,1
DA:45,1
DA:46,1
DA:47,1
DA:48,1
DA:49,1
DA:50,1
DA:51,1
DA:52,1
DA:55,0
DA:58,0
DA:59,0
DA:61,1
DA:63,2
DA:64,2
DA:65,2
DA:67,2
DA:68,2
DA:69,2
DA:70,2
DA:72,2
DA:73,2
DA:75,2
DA:76,2
DA:78,2
DA:80,0
DA:84,7
DA:85,1
DA:86,1
DA:88,1
DA:89,1
DA:90,1
DA:92,7
DA:93,1
DA:95,1
DA:96,1
DA:98,1
DA:99,1
DA:100,1
DA:103,7
DA:104,2
DA:106,2
DA:107,2
DA:109,2
DA:111,2
DA:112,28
DA:113,1008
DA:116,28
DA:119,2
DA:120,2
DA:123,7
DA:140,28
LF:78
LH:72
BRDA:34,0,0,0
BRDA:34,0,1,1
BRDA:39,1,0,0
BRDA:39,1,1,1
BRDA:44,2,0,1
BRDA:44,2,1,1
BRDA:51,3,0,1
BRDA:51,3,1,0
BRDA:58,4,0,0
BRDA:58,4,1,0
BRDA:104,5,0,0
BRDA:104,5,1,2
BRDA:127,6,0,5
BRDA:127,6,1,2
BRDA:128,7,0,7
BRDA:128,7,1,6
BRDA:135,8,0,7
BRDA:135,8,1,2
BRDA:156,9,0,7
BRDA:156,9,1,1
BRF:20
BRH:14
end_of_record
TN:
SF:src\components\DishCard.jsx
FN:4,DishCard
FNF:1
FNH:0
FNDA:0,DishCard
DA:5,0
DA:7,0
LF:2
LH:0
BRDA:5,0,0,0
BRDA:5,0,1,0
BRDA:16,1,0,0
BRDA:16,1,1,0
BRDA:16,1,2,0
BRDA:17,2,0,0
BRDA:17,2,1,0
BRDA:18,3,0,0
BRDA:18,3,1,0
BRDA:26,4,0,0
BRDA:26,4,1,0
BRDA:26,4,2,0
BRDA:37,5,0,0
BRDA:37,5,1,0
BRDA:40,6,0,0
BRDA:40,6,1,0
BRDA:41,7,0,0
BRDA:41,7,1,0
BRDA:51,8,0,0
BRDA:51,8,1,0
BRF:20
BRH:0
end_of_record
TN:
SF:src\pages\Home.jsx
FN:8,Home
FN:16,(anonymous_1)
FN:48,(anonymous_2)
FNF:3
FNH:0
FNDA:0,Home
FNDA:0,(anonymous_1)
FNDA:0,(anonymous_2)
DA:9,0
DA:10,0
DA:12,0
DA:17,0
DA:48,0
LF:5
LH:0
BRDA:38,0,0,0
BRDA:38,0,1,0
BRDA:38,0,2,0
BRDA:47,1,0,0
BRDA:47,1,1,0
BRF:5
BRH:0
end_of_record
TN:
SF:src\services\api.js
FN:1,(anonymous_0)
FNF:1
FNH:1
FNDA:1,(anonymous_0)
DA:1,1
DA:2,1
DA:3,1
DA:5,1
DA:10,1
DA:11,1
LF:6
LH:6
BRF:0
BRH:0
end_of_record
TN:
SF:src\services\dishesImagesUrls.js
FNF:0
FNH:0
DA:1,0
LF:1
LH:0
BRF:0
BRH:0
end_of_record
