{"C:\\Users\\user\\Desktop\\Google_Raichman\\ofra\\restuarant_genAi_advicer\\server\\services\\analyzeAudioServices.js": {"path":"C:\\Users\\user\\Desktop\\Google_Raichman\\ofra\\restuarant_genAi_advicer\\server\\services\\analyzeAudioServices.js","statementMap":{"0":{"start":{"line":2,"column":0},"end":{"line":2,"column":47}},"1":{"start":{"line":11,"column":0},"end":{"line":11,"column":16}},"2":{"start":{"line":14,"column":29},"end":{"line":32,"column":1}},"3":{"start":{"line":15,"column":28},"end":{"line":15,"column":32}},"4":{"start":{"line":16,"column":29},"end":{"line":16,"column":38}},"5":{"start":{"line":17,"column":4},"end":{"line":17,"column":54}},"6":{"start":{"line":18,"column":4},"end":{"line":31,"column":5}},"7":{"start":{"line":19,"column":28},"end":{"line":19,"column":58}},"8":{"start":{"line":20,"column":29},"end":{"line":20,"column":92}},"9":{"start":{"line":21,"column":8},"end":{"line":21,"column":74}},"10":{"start":{"line":23,"column":8},"end":{"line":23,"column":64}},"11":{"start":{"line":24,"column":8},"end":{"line":24,"column":68}},"12":{"start":{"line":27,"column":8},"end":{"line":27,"column":97}},"13":{"start":{"line":27,"column":65},"end":{"line":27,"column":97}},"14":{"start":{"line":28,"column":8},"end":{"line":28,"column":100}},"15":{"start":{"line":28,"column":67},"end":{"line":28,"column":100}},"16":{"start":{"line":29,"column":8},"end":{"line":29,"column":56}},"17":{"start":{"line":30,"column":8},"end":{"line":30,"column":20}},"18":{"start":{"line":33,"column":28},"end":{"line":53,"column":1}},"19":{"start":{"line":34,"column":4},"end":{"line":52,"column":5}},"20":{"start":{"line":35,"column":19},"end":{"line":35,"column":36}},"21":{"start":{"line":36,"column":4},"end":{"line":48,"column":18}},"22":{"start":{"line":37,"column":8},"end":{"line":46,"column":46}},"23":{"start":{"line":50,"column":8},"end":{"line":50,"column":55}},"24":{"start":{"line":51,"column":8},"end":{"line":51,"column":20}},"25":{"start":{"line":55,"column":29},"end":{"line":69,"column":1}},"26":{"start":{"line":56,"column":4},"end":{"line":68,"column":5}},"27":{"start":{"line":57,"column":19},"end":{"line":57,"column":73}},"28":{"start":{"line":58,"column":25},"end":{"line":58,"column":76}},"29":{"start":{"line":59,"column":23},"end":{"line":62,"column":10}},"30":{"start":{"line":63,"column":8},"end":{"line":63,"column":45}},"31":{"start":{"line":64,"column":8},"end":{"line":64,"column":39}},"32":{"start":{"line":66,"column":8},"end":{"line":66,"column":56}},"33":{"start":{"line":67,"column":8},"end":{"line":67,"column":20}}},"fnMap":{"0":{"name":"(anonymous_0)","decl":{"start":{"line":14,"column":29},"end":{"line":14,"column":30}},"loc":{"start":{"line":14,"column":45},"end":{"line":32,"column":1}},"line":14},"1":{"name":"(anonymous_1)","decl":{"start":{"line":33,"column":28},"end":{"line":33,"column":29}},"loc":{"start":{"line":33,"column":40},"end":{"line":53,"column":1}},"line":33},"2":{"name":"(anonymous_2)","decl":{"start":{"line":36,"column":22},"end":{"line":36,"column":23}},"loc":{"start":{"line":36,"column":30},"end":{"line":48,"column":5}},"line":36},"3":{"name":"(anonymous_3)","decl":{"start":{"line":55,"column":29},"end":{"line":55,"column":30}},"loc":{"start":{"line":55,"column":62},"end":{"line":69,"column":1}},"line":55}},"branchMap":{"0":{"loc":{"start":{"line":27,"column":8},"end":{"line":27,"column":97}},"type":"if","locations":[{"start":{"line":27,"column":8},"end":{"line":27,"column":97}},{"start":{},"end":{}}],"line":27},"1":{"loc":{"start":{"line":27,"column":12},"end":{"line":27,"column":63}},"type":"binary-expr","locations":[{"start":{"line":27,"column":12},"end":{"line":27,"column":28}},{"start":{"line":27,"column":32},"end":{"line":27,"column":63}}],"line":27},"2":{"loc":{"start":{"line":28,"column":8},"end":{"line":28,"column":100}},"type":"if","locations":[{"start":{"line":28,"column":8},"end":{"line":28,"column":100}},{"start":{},"end":{}}],"line":28},"3":{"loc":{"start":{"line":28,"column":12},"end":{"line":28,"column":65}},"type":"binary-expr","locations":[{"start":{"line":28,"column":12},"end":{"line":28,"column":29}},{"start":{"line":28,"column":33},"end":{"line":28,"column":65}}],"line":28}},"s":{"0":1,"1":1,"2":1,"3":4,"4":4,"5":4,"6":4,"7":4,"8":4,"9":4,"10":4,"11":1,"12":3,"13":2,"14":3,"15":2,"16":3,"17":3,"18":1,"19":2,"20":2,"21":1,"22":1,"23":1,"24":1,"25":1,"26":0,"27":0,"28":0,"29":0,"30":0,"31":0,"32":0,"33":0},"f":{"0":4,"1":2,"2":1,"3":0},"b":{"0":[2,1],"1":[3,3],"2":[2,1],"3":[3,3]},"_coverageSchema":"1a1c01bbd47fc00a2c39e90264f33305004495a9","hash":"82c5676eff28ade33b1656625eca50817dfc0013"}
,"C:\\Users\\user\\Desktop\\Google_Raichman\\ofra\\restuarant_genAi_advicer\\server\\services\\fileActions.js": {"path":"C:\\Users\\user\\Desktop\\Google_Raichman\\ofra\\restuarant_genAi_advicer\\server\\services\\fileActions.js","statementMap":{"0":{"start":{"line":3,"column":23},"end":{"line":3,"column":27}},"1":{"start":{"line":5,"column":2},"end":{"line":15,"column":3}},"2":{"start":{"line":6,"column":4},"end":{"line":11,"column":6}},"3":{"start":{"line":13,"column":4},"end":{"line":13,"column":52}},"4":{"start":{"line":14,"column":4},"end":{"line":14,"column":16}},"5":{"start":{"line":19,"column":21},"end":{"line":38,"column":1}},"6":{"start":{"line":20,"column":2},"end":{"line":24,"column":3}},"7":{"start":{"line":21,"column":4},"end":{"line":21,"column":44}},"8":{"start":{"line":22,"column":4},"end":{"line":22,"column":46}},"9":{"start":{"line":23,"column":4},"end":{"line":23,"column":28}},"10":{"start":{"line":25,"column":2},"end":{"line":37,"column":5}},"11":{"start":{"line":26,"column":4},"end":{"line":26,"column":73}},"12":{"start":{"line":27,"column":4},"end":{"line":36,"column":24}},"13":{"start":{"line":30,"column":8},"end":{"line":30,"column":63}},"14":{"start":{"line":31,"column":8},"end":{"line":31,"column":63}},"15":{"start":{"line":34,"column":8},"end":{"line":34,"column":28}}},"fnMap":{"0":{"name":"fileToGenerativePart","decl":{"start":{"line":4,"column":9},"end":{"line":4,"column":29}},"loc":{"start":{"line":4,"column":50},"end":{"line":17,"column":1}},"line":4},"1":{"name":"(anonymous_1)","decl":{"start":{"line":19,"column":21},"end":{"line":19,"column":22}},"loc":{"start":{"line":19,"column":48},"end":{"line":38,"column":1}},"line":19},"2":{"name":"(anonymous_2)","decl":{"start":{"line":25,"column":21},"end":{"line":25,"column":22}},"loc":{"start":{"line":25,"column":42},"end":{"line":37,"column":3}},"line":25},"3":{"name":"(anonymous_3)","decl":{"start":{"line":29,"column":19},"end":{"line":29,"column":20}},"loc":{"start":{"line":29,"column":28},"end":{"line":32,"column":7}},"line":29},"4":{"name":"(anonymous_4)","decl":{"start":{"line":33,"column":17},"end":{"line":33,"column":18}},"loc":{"start":{"line":33,"column":23},"end":{"line":35,"column":7}},"line":33}},"branchMap":{"0":{"loc":{"start":{"line":20,"column":2},"end":{"line":24,"column":3}},"type":"if","locations":[{"start":{"line":20,"column":2},"end":{"line":24,"column":3}},{"start":{},"end":{}}],"line":20}},"s":{"0":1,"1":1,"2":1,"3":0,"4":0,"5":1,"6":1,"7":0,"8":0,"9":0,"10":1,"11":1,"12":1,"13":1,"14":1,"15":0},"f":{"0":1,"1":1,"2":1,"3":1,"4":0},"b":{"0":[0,1]},"_coverageSchema":"1a1c01bbd47fc00a2c39e90264f33305004495a9","hash":"0fc6777c6791446e1c7da6794ee7355bc7ca55cb"}
,"C:\\Users\\user\\Desktop\\Google_Raichman\\ofra\\restuarant_genAi_advicer\\server\\services\\prompt.js": {"path":"C:\\Users\\user\\Desktop\\Google_Raichman\\ofra\\restuarant_genAi_advicer\\server\\services\\prompt.js","statementMap":{"0":{"start":{"line":1,"column":15},"end":{"line":39,"column":1}}},"fnMap":{},"branchMap":{},"s":{"0":1},"f":{},"b":{},"_coverageSchema":"1a1c01bbd47fc00a2c39e90264f33305004495a9","hash":"a5919e7ad1cd03d340cd2a83f3c7dbd850145ece"}
,"C:\\Users\\user\\Desktop\\Google_Raichman\\ofra\\restuarant_genAi_advicer\\server\\services\\storage.js": {"path":"C:\\Users\\user\\Desktop\\Google_Raichman\\ofra\\restuarant_genAi_advicer\\server\\services\\storage.js","statementMap":{"0":{"start":{"line":5,"column":16},"end":{"line":12,"column":4}},"1":{"start":{"line":7,"column":8},"end":{"line":7,"column":54}},"2":{"start":{"line":10,"column":6},"end":{"line":10,"column":33}}},"fnMap":{"0":{"name":"(anonymous_0)","decl":{"start":{"line":6,"column":17},"end":{"line":6,"column":18}},"loc":{"start":{"line":6,"column":42},"end":{"line":8,"column":5}},"line":6},"1":{"name":"(anonymous_1)","decl":{"start":{"line":9,"column":14},"end":{"line":9,"column":15}},"loc":{"start":{"line":9,"column":39},"end":{"line":11,"column":5}},"line":9}},"branchMap":{},"s":{"0":1,"1":1,"2":1},"f":{"0":1,"1":1},"b":{},"_coverageSchema":"1a1c01bbd47fc00a2c39e90264f33305004495a9","hash":"4560b8cbc76f77ccc325dc5d0353a8242b9dd7ad"}
}
