{"C:\\Users\\user\\Desktop\\Google_Raichman\\ofra\\restuarant_genAi_advicer\\server\\services\\analyzeAudioServices.js": {"path":"C:\\Users\\user\\Desktop\\Google_Raichman\\ofra\\restuarant_genAi_advicer\\server\\services\\analyzeAudioServices.js","statementMap":{"0":{"start":{"line":2,"column":0},"end":{"line":2,"column":47}},"1":{"start":{"line":11,"column":0},"end":{"line":11,"column":16}},"2":{"start":{"line":12,"column":11},"end":{"line":12,"column":65}},"3":{"start":{"line":14,"column":29},"end":{"line":31,"column":1}},"4":{"start":{"line":15,"column":28},"end":{"line":15,"column":32}},"5":{"start":{"line":16,"column":27},"end":{"line":16,"column":36}},"6":{"start":{"line":17,"column":4},"end":{"line":30,"column":5}},"7":{"start":{"line":18,"column":28},"end":{"line":18,"column":58}},"8":{"start":{"line":19,"column":29},"end":{"line":19,"column":92}},"9":{"start":{"line":20,"column":8},"end":{"line":20,"column":74}},"10":{"start":{"line":22,"column":8},"end":{"line":22,"column":64}},"11":{"start":{"line":23,"column":8},"end":{"line":23,"column":151}},"12":{"start":{"line":26,"column":8},"end":{"line":26,"column":97}},"13":{"start":{"line":26,"column":65},"end":{"line":26,"column":97}},"14":{"start":{"line":27,"column":8},"end":{"line":27,"column":100}},"15":{"start":{"line":27,"column":67},"end":{"line":27,"column":100}},"16":{"start":{"line":28,"column":8},"end":{"line":28,"column":56}},"17":{"start":{"line":29,"column":8},"end":{"line":29,"column":20}},"18":{"start":{"line":32,"column":28},"end":{"line":53,"column":1}},"19":{"start":{"line":33,"column":4},"end":{"line":52,"column":5}},"20":{"start":{"line":34,"column":19},"end":{"line":34,"column":36}},"21":{"start":{"line":35,"column":4},"end":{"line":35,"column":33}},"22":{"start":{"line":36,"column":4},"end":{"line":48,"column":18}},"23":{"start":{"line":37,"column":8},"end":{"line":46,"column":46}},"24":{"start":{"line":50,"column":8},"end":{"line":50,"column":55}},"25":{"start":{"line":51,"column":8},"end":{"line":51,"column":20}},"26":{"start":{"line":55,"column":29},"end":{"line":68,"column":1}},"27":{"start":{"line":56,"column":4},"end":{"line":67,"column":5}},"28":{"start":{"line":57,"column":25},"end":{"line":57,"column":76}},"29":{"start":{"line":58,"column":23},"end":{"line":61,"column":10}},"30":{"start":{"line":62,"column":8},"end":{"line":62,"column":45}},"31":{"start":{"line":63,"column":8},"end":{"line":63,"column":39}},"32":{"start":{"line":65,"column":8},"end":{"line":65,"column":56}},"33":{"start":{"line":66,"column":8},"end":{"line":66,"column":20}}},"fnMap":{"0":{"name":"(anonymous_0)","decl":{"start":{"line":14,"column":29},"end":{"line":14,"column":30}},"loc":{"start":{"line":14,"column":45},"end":{"line":31,"column":1}},"line":14},"1":{"name":"(anonymous_1)","decl":{"start":{"line":32,"column":28},"end":{"line":32,"column":29}},"loc":{"start":{"line":32,"column":40},"end":{"line":53,"column":1}},"line":32},"2":{"name":"(anonymous_2)","decl":{"start":{"line":36,"column":22},"end":{"line":36,"column":23}},"loc":{"start":{"line":36,"column":30},"end":{"line":48,"column":5}},"line":36},"3":{"name":"(anonymous_3)","decl":{"start":{"line":55,"column":29},"end":{"line":55,"column":30}},"loc":{"start":{"line":55,"column":62},"end":{"line":68,"column":1}},"line":55}},"branchMap":{"0":{"loc":{"start":{"line":26,"column":8},"end":{"line":26,"column":97}},"type":"if","locations":[{"start":{"line":26,"column":8},"end":{"line":26,"column":97}},{"start":{},"end":{}}],"line":26},"1":{"loc":{"start":{"line":26,"column":12},"end":{"line":26,"column":63}},"type":"binary-expr","locations":[{"start":{"line":26,"column":12},"end":{"line":26,"column":28}},{"start":{"line":26,"column":32},"end":{"line":26,"column":63}}],"line":26},"2":{"loc":{"start":{"line":27,"column":8},"end":{"line":27,"column":100}},"type":"if","locations":[{"start":{"line":27,"column":8},"end":{"line":27,"column":100}},{"start":{},"end":{}}],"line":27},"3":{"loc":{"start":{"line":27,"column":12},"end":{"line":27,"column":65}},"type":"binary-expr","locations":[{"start":{"line":27,"column":12},"end":{"line":27,"column":29}},{"start":{"line":27,"column":33},"end":{"line":27,"column":65}}],"line":27}},"s":{"0":1,"1":1,"2":1,"3":1,"4":2,"5":2,"6":2,"7":2,"8":2,"9":2,"10":2,"11":1,"12":1,"13":1,"14":1,"15":1,"16":1,"17":1,"18":1,"19":1,"20":1,"21":1,"22":1,"23":1,"24":0,"25":0,"26":1,"27":2,"28":2,"29":2,"30":1,"31":1,"32":1,"33":1},"f":{"0":2,"1":1,"2":1,"3":2},"b":{"0":[1,0],"1":[1,1],"2":[1,0],"3":[1,1]},"_coverageSchema":"1a1c01bbd47fc00a2c39e90264f33305004495a9","hash":"324fbc3f3e4566a3732293dc555b9cd9beb8c291"}
,"C:\\Users\\user\\Desktop\\Google_Raichman\\ofra\\restuarant_genAi_advicer\\server\\services\\fileActions.js": {"path":"C:\\Users\\user\\Desktop\\Google_Raichman\\ofra\\restuarant_genAi_advicer\\server\\services\\fileActions.js","statementMap":{"0":{"start":{"line":3,"column":23},"end":{"line":3,"column":27}},"1":{"start":{"line":5,"column":2},"end":{"line":15,"column":3}},"2":{"start":{"line":6,"column":4},"end":{"line":11,"column":6}},"3":{"start":{"line":13,"column":4},"end":{"line":13,"column":52}},"4":{"start":{"line":14,"column":4},"end":{"line":14,"column":16}},"5":{"start":{"line":19,"column":21},"end":{"line":38,"column":1}},"6":{"start":{"line":20,"column":2},"end":{"line":24,"column":3}},"7":{"start":{"line":21,"column":4},"end":{"line":21,"column":44}},"8":{"start":{"line":22,"column":4},"end":{"line":22,"column":46}},"9":{"start":{"line":23,"column":4},"end":{"line":23,"column":28}},"10":{"start":{"line":25,"column":2},"end":{"line":37,"column":5}},"11":{"start":{"line":26,"column":4},"end":{"line":26,"column":73}},"12":{"start":{"line":27,"column":4},"end":{"line":36,"column":24}},"13":{"start":{"line":30,"column":8},"end":{"line":30,"column":63}},"14":{"start":{"line":31,"column":8},"end":{"line":31,"column":63}},"15":{"start":{"line":34,"column":8},"end":{"line":34,"column":28}}},"fnMap":{"0":{"name":"fileToGenerativePart","decl":{"start":{"line":4,"column":9},"end":{"line":4,"column":29}},"loc":{"start":{"line":4,"column":50},"end":{"line":17,"column":1}},"line":4},"1":{"name":"(anonymous_1)","decl":{"start":{"line":19,"column":21},"end":{"line":19,"column":22}},"loc":{"start":{"line":19,"column":48},"end":{"line":38,"column":1}},"line":19},"2":{"name":"(anonymous_2)","decl":{"start":{"line":25,"column":21},"end":{"line":25,"column":22}},"loc":{"start":{"line":25,"column":42},"end":{"line":37,"column":3}},"line":25},"3":{"name":"(anonymous_3)","decl":{"start":{"line":29,"column":19},"end":{"line":29,"column":20}},"loc":{"start":{"line":29,"column":28},"end":{"line":32,"column":7}},"line":29},"4":{"name":"(anonymous_4)","decl":{"start":{"line":33,"column":17},"end":{"line":33,"column":18}},"loc":{"start":{"line":33,"column":23},"end":{"line":35,"column":7}},"line":33}},"branchMap":{"0":{"loc":{"start":{"line":20,"column":2},"end":{"line":24,"column":3}},"type":"if","locations":[{"start":{"line":20,"column":2},"end":{"line":24,"column":3}},{"start":{},"end":{}}],"line":20}},"s":{"0":1,"1":1,"2":1,"3":0,"4":0,"5":1,"6":2,"7":0,"8":0,"9":0,"10":2,"11":2,"12":2,"13":1,"14":1,"15":1},"f":{"0":1,"1":2,"2":2,"3":1,"4":1},"b":{"0":[0,2]},"_coverageSchema":"1a1c01bbd47fc00a2c39e90264f33305004495a9","hash":"0fc6777c6791446e1c7da6794ee7355bc7ca55cb"}
,"C:\\Users\\user\\Desktop\\Google_Raichman\\ofra\\restuarant_genAi_advicer\\server\\services\\prompt.js": {"path":"C:\\Users\\user\\Desktop\\Google_Raichman\\ofra\\restuarant_genAi_advicer\\server\\services\\prompt.js","statementMap":{"0":{"start":{"line":1,"column":15},"end":{"line":60,"column":1}}},"fnMap":{},"branchMap":{},"s":{"0":1},"f":{},"b":{},"_coverageSchema":"1a1c01bbd47fc00a2c39e90264f33305004495a9","hash":"c6e717fad91b91fdc0a3a939c1119c9f8f35ee9a"}
,"C:\\Users\\user\\Desktop\\Google_Raichman\\ofra\\restuarant_genAi_advicer\\server\\services\\storage.js": {"path":"C:\\Users\\user\\Desktop\\Google_Raichman\\ofra\\restuarant_genAi_advicer\\server\\services\\storage.js","statementMap":{"0":{"start":{"line":5,"column":16},"end":{"line":12,"column":4}},"1":{"start":{"line":7,"column":8},"end":{"line":7,"column":54}},"2":{"start":{"line":10,"column":6},"end":{"line":10,"column":33}}},"fnMap":{"0":{"name":"(anonymous_0)","decl":{"start":{"line":6,"column":17},"end":{"line":6,"column":18}},"loc":{"start":{"line":6,"column":42},"end":{"line":8,"column":5}},"line":6},"1":{"name":"(anonymous_1)","decl":{"start":{"line":9,"column":14},"end":{"line":9,"column":15}},"loc":{"start":{"line":9,"column":39},"end":{"line":11,"column":5}},"line":9}},"branchMap":{},"s":{"0":1,"1":1,"2":1},"f":{"0":1,"1":1},"b":{},"_coverageSchema":"1a1c01bbd47fc00a2c39e90264f33305004495a9","hash":"4560b8cbc76f77ccc325dc5d0353a8242b9dd7ad"}
}
